0 info it worked if it ends with ok
1 verbose cli [ '/Users/SomtidaSKNS/.nvm/versions/node/v6.2.1/bin/node',
1 verbose cli   '/Users/SomtidaSKNS/.nvm/versions/node/v6.2.1/bin/npm',
1 verbose cli   'run',
1 verbose cli   'open:src' ]
2 info using npm@3.9.3
3 info using node@v6.2.1
4 verbose run-script [ 'preopen:src', 'open:src', 'postopen:src' ]
5 info lifecycle ch2-react-app@1.0.0~preopen:src: ch2-react-app@1.0.0
6 silly lifecycle ch2-react-app@1.0.0~preopen:src: no script for preopen:src, continuing
7 info lifecycle ch2-react-app@1.0.0~open:src: ch2-react-app@1.0.0
8 verbose lifecycle ch2-react-app@1.0.0~open:src: unsafe-perm in lifecycle true
9 verbose lifecycle ch2-react-app@1.0.0~open:src: PATH: /Users/SomtidaSKNS/.nvm/versions/node/v6.2.1/lib/node_modules/npm/bin/node-gyp-bin:/Users/SomtidaSKNS/code2/react_somtida/node_modules/.bin:/Users/SomtidaSKNS/.nvm/versions/node/v6.2.1/bin:/Users/SomtidaSKNS/Library/Android/sdk/platform-tools:/Users/SomtidaSKNS/Library/Android/sdk/tools:/Users/SomtidaSKNS/.nvm/versions/node/v6.2.1/bin:/usr/local/bin:/usr/bin:/bin:/usr/sbin:/sbin
10 verbose lifecycle ch2-react-app@1.0.0~open:src: CWD: /Users/SomtidaSKNS/code2/react_somtida
11 silly lifecycle ch2-react-app@1.0.0~open:src: Args: [ '-c', 'babel-node tools/srcServer.js' ]
12 silly lifecycle ch2-react-app@1.0.0~open:src: Returned: code: 1  signal: null
13 info lifecycle ch2-react-app@1.0.0~open:src: Failed to exec open:src script
14 verbose stack Error: ch2-react-app@1.0.0 open:src: `babel-node tools/srcServer.js`
14 verbose stack Exit status 1
14 verbose stack     at EventEmitter.<anonymous> (/Users/SomtidaSKNS/.nvm/versions/node/v6.2.1/lib/node_modules/npm/lib/utils/lifecycle.js:245:16)
14 verbose stack     at emitTwo (events.js:106:13)
14 verbose stack     at EventEmitter.emit (events.js:191:7)
14 verbose stack     at ChildProcess.<anonymous> (/Users/SomtidaSKNS/.nvm/versions/node/v6.2.1/lib/node_modules/npm/lib/utils/spawn.js:24:14)
14 verbose stack     at emitTwo (events.js:106:13)
14 verbose stack     at ChildProcess.emit (events.js:191:7)
14 verbose stack     at maybeClose (internal/child_process.js:852:16)
14 verbose stack     at Process.ChildProcess._handle.onexit (internal/child_process.js:215:5)
15 verbose pkgid ch2-react-app@1.0.0
16 verbose cwd /Users/SomtidaSKNS/code2/react_somtida
17 error Darwin 15.6.0
18 error argv "/Users/SomtidaSKNS/.nvm/versions/node/v6.2.1/bin/node" "/Users/SomtidaSKNS/.nvm/versions/node/v6.2.1/bin/npm" "run" "open:src"
19 error node v6.2.1
20 error npm  v3.9.3
21 error code ELIFECYCLE
22 error ch2-react-app@1.0.0 open:src: `babel-node tools/srcServer.js`
22 error Exit status 1
23 error Failed at the ch2-react-app@1.0.0 open:src script 'babel-node tools/srcServer.js'.
23 error Make sure you have the latest version of node.js and npm installed.
23 error If you do, this is most likely a problem with the ch2-react-app package,
23 error not with npm itself.
23 error Tell the author that this fails on your system:
23 error     babel-node tools/srcServer.js
23 error You can get information on how to open an issue for this project with:
23 error     npm bugs ch2-react-app
23 error Or if that isn't available, you can get their info via:
23 error     npm owner ls ch2-react-app
23 error There is likely additional logging output above.
24 verbose exit [ 1, true ]
